Build started 12/28/2015 3:33:48 PM.
     1>Project "C:\Users\alex\Documents\C++Programs\cache_lab5\Cache5.vcxproj" on node 2 (build target(s)).
     1>InitializeBuildStatus:
         Creating "Debug\Cache5.unsuccessfulbuild" because "AlwaysCreate" was specified.
       ClCompile:
         c:\Program Files (x86)\Microsoft Visual Studio 10.0\VC\bin\CL.exe /c /Zi /nologo /W3 /WX- /Od /Oy- /D WIN32 /D _DEBUG /D _CONSOLE /Gm /EHsc /RTC1 /MDd /GS /fp:precise /Zc:wchar_t /Zc:forScope /Fo"Debug\\" /Fd"Debug\vc100.pdb" /Gd /TP /analyze- /errorReport:prompt main.cpp
         main.cpp
       ManifestResourceCompile:
         All outputs are up-to-date.
       Link:
         c:\Program Files (x86)\Microsoft Visual Studio 10.0\VC\bin\link.exe /ERRORREPORT:PROMPT /OUT:"C:\Users\alex\Documents\C++Programs\cache_lab5\Debug\Cache5.exe" /INCREMENTAL /NOLOGO kernel32.lib user32.lib gdi32.lib winspool.lib comdlg32.lib advapi32.lib shell32.lib ole32.lib oleaut32.lib uuid.lib odbc32.lib odbccp32.lib /MANIFEST /ManifestFile:"Debug\Cache5.exe.intermediate.manifest" /MANIFESTUAC:"level='asInvoker' uiAccess='false'" /DEBUG /PDB:"C:\Users\alex\Documents\C++Programs\cache_lab5\Debug\Cache5.pdb" /SUBSYSTEM:CONSOLE /TLBID:1 /DYNAMICBASE /NXCOMPAT /IMPLIB:"C:\Users\alex\Documents\C++Programs\cache_lab5\Debug\Cache5.lib" /MACHINE:X86 Debug\Cache5.exe.embed.manifest.res
         Debug\Block.obj
         Debug\Cache.obj
         Debug\main.obj
       Manifest:
         C:\Program Files (x86)\Microsoft SDKs\Windows\v7.0A\bin\mt.exe /nologo /verbose /out:"Debug\Cache5.exe.embed.manifest" /manifest Debug\Cache5.exe.intermediate.manifest
         All outputs are up-to-date.
       LinkEmbedManifest:
         All outputs are up-to-date.
         Cache5.vcxproj -> C:\Users\alex\Documents\C++Programs\cache_lab5\Debug\Cache5.exe
       FinalizeBuildStatus:
         Deleting file "Debug\Cache5.unsuccessfulbuild".
         Touching "Debug\Cache5.lastbuildstate".
     1>Done Building Project "C:\Users\alex\Documents\C++Programs\cache_lab5\Cache5.vcxproj" (build target(s)).

Build succeeded.

Time Elapsed 00:00:03.31
